#
# There is insufficient memory for the Java Runtime Environment to continue.
# Native memory allocation (malloc) failed to allocate 302096 bytes for Chunk::new
# Possible reasons:
#   The system is out of physical RAM or swap space
#   In 32 bit mode, the process size limit was hit
# Possible solutions:
#   Reduce memory load on the system
#   Increase physical memory or swap space
#   Check if swap backing store is full
#   Use 64 bit Java on a 64 bit OS
#   Decrease Java heap size (-Xmx/-Xms)
#   Decrease number of Java threads
#   Decrease Java thread stack sizes (-Xss)
#   Set larger code cache with -XX:ReservedCodeCacheSize=
# This output file may be truncated or incomplete.
#
#  Out of Memory Error (allocation.cpp:390), pid=11700, tid=0x0000000000002eec
#
# JRE version: OpenJDK Runtime Environment (8.0_152-b02) (build 1.8.0_152-release-1024-b02)
# Java VM: OpenJDK 64-Bit Server VM (25.152-b02 mixed mode windows-amd64 compressed oops)
# Failed to write core dump. Minidumps are not enabled by default on client versions of Windows
#

---------------  T H R E A D  ---------------

Current thread (0x000000001678a000):  JavaThread "C2 CompilerThread0" daemon [_thread_in_native, id=12012, stack(0x0000000018110000,0x0000000018210000)]

Stack: [0x0000000018110000,0x0000000018210000]
[error occurred during error reporting (printing stack bounds), id 0xc0000005]

Native frames: (J=compiled Java code, j=interpreted, Vv=VM code, C=native code)


Current CompileTask:
C2:27776794 39216       4       com.android.tools.r8.org.objectweb.asm.ClassReader::readMethod (1126 bytes)


---------------  P R O C E S S  ---------------

Java Threads: ( => current thread )
  0x000000002583e800 JavaThread "ForkJoinPool.commonPool-worker-0" daemon [_thread_in_Java, id=19972, stack(0x000000003f9a0000,0x000000003faa0000)]
  0x000000002583d000 JavaThread "ForkJoinPool.commonPool-worker-7" daemon [_thread_blocked, id=16304, stack(0x000000003f8a0000,0x000000003f9a0000)]
  0x000000002583c800 JavaThread "ForkJoinPool.commonPool-worker-14" daemon [_thread_blocked, id=21180, stack(0x000000003f7a0000,0x000000003f8a0000)]
  0x0000000025835000 JavaThread "ForkJoinPool.commonPool-worker-21" daemon [_thread_blocked, id=21056, stack(0x000000003f6a0000,0x000000003f7a0000)]
  0x000000002583b800 JavaThread "ForkJoinPool.commonPool-worker-28" daemon [_thread_blocked, id=19332, stack(0x000000003f5a0000,0x000000003f6a0000)]
  0x000000002583b000 JavaThread "ForkJoinPool.commonPool-worker-3" daemon [_thread_blocked, id=20808, stack(0x000000003f4a0000,0x000000003f5a0000)]
  0x0000000025833800 JavaThread "ForkJoinPool.commonPool-worker-10" daemon [_thread_blocked, id=19828, stack(0x000000003f3a0000,0x000000003f4a0000)]
  0x0000000025832800 JavaThread "ForkJoinPool.commonPool-worker-17" daemon [_thread_blocked, id=19568, stack(0x000000003f2a0000,0x000000003f3a0000)]
  0x0000000025839800 JavaThread "ForkJoinPool.commonPool-worker-24" daemon [_thread_blocked, id=11852, stack(0x000000003f1a0000,0x000000003f2a0000)]
  0x0000000025838800 JavaThread "ForkJoinPool.commonPool-worker-31" daemon [_thread_blocked, id=18884, stack(0x000000003f0a0000,0x000000003f1a0000)]
  0x0000000025831000 JavaThread "ForkJoinPool.commonPool-worker-6" daemon [_thread_blocked, id=9196, stack(0x000000003efa0000,0x000000003f0a0000)]
  0x0000000025838000 JavaThread "ForkJoinPool.commonPool-worker-13" daemon [_thread_blocked, id=18524, stack(0x000000003eea0000,0x000000003efa0000)]
  0x0000000025832000 JavaThread "ForkJoinPool.commonPool-worker-20" daemon [_thread_blocked, id=21220, stack(0x000000003eda0000,0x000000003eea0000)]
  0x0000000025836800 JavaThread "Cache worker for Java compile cache (C:\Users\Mi HD\Desktop\ChizaiTongji-master\.gradle\4.4\javaCompile)" [_thread_blocked, id=21200, stack(0x000000003eba0000,0x000000003eca0000)]
  0x000000001b9c8000 JavaThread "Task worker for ':' Thread 3" [_thread_blocked, id=13208, stack(0x000000003cea0000,0x000000003cfa0000)]
  0x000000001b9c6000 JavaThread "Task worker for ':' Thread 2" [_thread_blocked, id=20328, stack(0x000000003cda0000,0x000000003cea0000)]
  0x000000001b9c0800 JavaThread "Task worker for ':'" [_thread_blocked, id=19268, stack(0x000000003cca0000,0x000000003cda0000)]
  0x000000001b9c5000 JavaThread "Cache worker for Build Output Cleanup Cache (C:\Users\Mi HD\Desktop\ChizaiTongji-master\.gradle\buildOutputCleanup)" [_thread_blocked, id=20600, stack(0x000000003cba0000,0x000000003cca0000)]
  0x000000001b9c4800 JavaThread "Cache worker for task history cache (C:\Users\Mi HD\Desktop\ChizaiTongji-master\.gradle\4.4\taskHistory)" [_thread_blocked, id=14728, stack(0x000000003caa0000,0x000000003cba0000)]
  0x000000001b9c6800 JavaThread "Cache worker for file content cache (C:\Users\Mi HD\Desktop\ChizaiTongji-master\.gradle\4.4\fileContent)" [_thread_blocked, id=18508, stack(0x000000003c9a0000,0x000000003caa0000)]
  0x000000001b9c2000 JavaThread "build operations Thread 4" [_thread_blocked, id=16296, stack(0x000000003c8a0000,0x000000003c9a0000)]
  0x000000001b9c7800 JavaThread "build operations Thread 3" [_thread_blocked, id=10560, stack(0x000000003c7a0000,0x000000003c8a0000)]
  0x000000001b9c1800 JavaThread "build operations Thread 2" [_thread_blocked, id=5976, stack(0x000000003c6a0000,0x000000003c7a0000)]
  0x000000001b9c3800 JavaThread "build operations" [_thread_blocked, id=18124, stack(0x000000003c5a0000,0x000000003c6a0000)]
  0x000000001b9bf000 JavaThread "Cache worker for Artifact transforms cache (C:\Users\Mi HD\.gradle\caches\transforms-1)" [_thread_blocked, id=19132, stack(0x000000003c4a0000,0x000000003c5a0000)]
  0x000000001b9ba800 JavaThread "Cache worker for file hash cache (C:\Users\Mi HD\Desktop\ChizaiTongji-master\.gradle\4.4\fileHashes)" [_thread_blocked, id=3824, stack(0x000000003c3a0000,0x000000003c4a0000)]
  0x000000001b9be800 JavaThread "Asynchronous log dispatcher for DefaultDaemonConnection: socket connection from /127.0.0.1:6570 to /127.0.0.1:11304" [_thread_blocked, id=16004, stack(0x000000003c1a0000,0x000000003c2a0000)]
  0x000000001b9bd000 JavaThread "Daemon worker Thread 61" [_thread_blocked, id=1484, stack(0x000000003c0a0000,0x000000003c1a0000)]
  0x000000001b9bc000 JavaThread "Cancel handler" [_thread_blocked, id=18748, stack(0x000000003bfa0000,0x000000003c0a0000)]
  0x000000001b9ba000 JavaThread "Handler for socket connection from /127.0.0.1:6570 to /127.0.0.1:11304" [_thread_in_native, id=18804, stack(0x000000003bea0000,0x000000003bfa0000)]
  0x000000001b9b9000 JavaThread "Daemon Thread 61" [_thread_blocked, id=16484, stack(0x000000003bda0000,0x000000003bea0000)]
  0x000000001b9bd800 JavaThread "Java2D Disposer" daemon [_thread_blocked, id=17560, stack(0x000000004b8d0000,0x000000004b9d0000)]
  0x0000000019a8e000 JavaThread "Memory manager" [_thread_blocked, id=12016, stack(0x0000000021020000,0x0000000021120000)]
  0x0000000019bcc800 JavaThread "File lock request listener" [_thread_in_native, id=2472, stack(0x000000001ad90000,0x000000001ae90000)]
  0x00000000196a5000 JavaThread "Cache worker for file hash cache (C:\Users\Mi HD\.gradle\caches\4.4\fileHashes)" [_thread_blocked, id=9260, stack(0x000000001ac90000,0x000000001ad90000)]
  0x000000001986c000 JavaThread "Daemon periodic checks" [_thread_blocked, id=2548, stack(0x000000001a190000,0x000000001a290000)]
  0x0000000019852800 JavaThread "Incoming local TCP Connector on port 6570" [_thread_in_native, id=13600, stack(0x0000000019fe0000,0x000000001a0e0000)]
  0x0000000017b95800 JavaThread "Service Thread" daemon [_thread_blocked, id=10680, stack(0x0000000018410000,0x0000000018510000)]
  0x0000000017b1e800 JavaThread "C1 CompilerThread2" daemon [_thread_in_vm, id=10368, stack(0x0000000018310000,0x0000000018410000)]
  0x000000001678d000 JavaThread "C2 CompilerThread1" daemon [_thread_in_native, id=7060, stack(0x0000000018210000,0x0000000018310000)]
=>0x000000001678a000 JavaThread "C2 CompilerThread0" daemon [_thread_in_native, id=12012, stack(0x0000000018110000,0x0000000018210000)]
  0x000000001673e800 JavaThread "Attach Listener" daemon [_thread_blocked, id=9408, stack(0x0000000018010000,0x0000000018110000)]
  0x0000000017b18800 JavaThread "Signal Dispatcher" daemon [_thread_blocked, id=3688, stack(0x0000000017f10000,0x0000000018010000)]
  0x0000000002dbe800 JavaThread "Finalizer" daemon [_thread_blocked, id=10096, stack(0x00000000179b0000,0x0000000017ab0000)]
  0x0000000002db2000 JavaThread "Reference Handler" daemon [_thread_blocked, id=14716, stack(0x00000000178b0000,0x00000000179b0000)]
  0x0000000002abe000 JavaThread "main" [_thread_blocked, id=6980, stack(0x0000000002bc0000,0x0000000002cc0000)]

Other Threads:
  0x00000000166f5800 VMThread [stack: 0x00000000177b0000,0x00000000178b0000] [id=14644]
  0x0000000017b96800 WatcherThread [stack: 0x0000000018510000,0x0000000018610000] [id=13684]

VM state:not at safepoint (normal execution)

VM Mutex/Monitor currently owned by a thread: None

Heap:
 PSYoungGen      total 361984K, used 75141K [0x00000000e0000000, 0x00000000fcc00000, 0x0000000100000000)
  eden space 307200K, 24% used [0x00000000e0000000,0x00000000e4961670,0x00000000f2c00000)
  from space 54784K, 0% used [0x00000000f2c00000,0x00000000f2c00000,0x00000000f6180000)
  to   space 62464K, 0% used [0x00000000f8f00000,0x00000000f8f00000,0x00000000fcc00000)
 ParOldGen       total 280064K, used 105865K [0x00000000a0000000, 0x00000000b1180000, 0x00000000e0000000)
  object space 280064K, 37% used [0x00000000a0000000,0x00000000a6762730,0x00000000b1180000)
 Metaspace       used 133205K, capacity 139550K, committed 141656K, reserved 1173504K
  class space    used 15838K, capacity 17009K, committed 17536K, reserved 1048576K

Card table byte_map: [0x0000000012180000,0x0000000012490000] byte_map_base: 0x0000000011c80000

Marking Bits: (ParMarkBitMap*) 0x0000000059da4970
 Begin Bits: [0x0000000012a90000, 0x0000000014290000)
 End Bits:   [0x0000000014290000, 0x0000000015a90000)

Polling page: 0x00000000007f0000

CodeCache: size=245760Kb used=105001Kb max_used=105910Kb free=140758Kb
 bounds [0x0000000002dc0000, 0x0000000009620000, 0x0000000011dc0000]
 total_blobs=29889 nmethods=28844 adapters=954
 compilation: enabled

Compilation events (10 events):
Event: 27770.658 Thread 0x0000000017b1e800 nmethod 39217 0x0000000007ea4610 code [0x0000000007ea49a0, 0x0000000007ea6be8]
Event: 27770.658 Thread 0x0000000017b1e800 39218       3       com.android.tools.r8.graph.DexCode::<init> (55 bytes)
Event: 27770.659 Thread 0x0000000017b1e800 nmethod 39218 0x0000000009224890 code [0x0000000009224a20, 0x0000000009224f28]
Event: 27770.659 Thread 0x0000000017b1e800 39220       3       com.android.tools.r8.ir.conversion.IRBuilder::addFloatConst (24 bytes)
Event: 27770.659 Thread 0x0000000017b1e800 nmethod 39220 0x00000000080fe510 code [0x00000000080fe6c0, 0x00000000080feaa8]
Event: 27770.659 Thread 0x0000000017b1e800 39223       3       com.android.tools.r8.com.google.common.collect.AbstractMapBasedMultimap$WrappedCollection::refreshIfEmpty (78 bytes)
Event: 27770.660 Thread 0x0000000017b1e800 nmethod 39223 0x0000000004ec52d0 code [0x0000000004ec5480, 0x0000000004ec5bb8]
Event: 27770.660 Thread 0x0000000017b1e800 39224       3       com.android.tools.r8.ir.optimize.CodeRewriter::commonSubexpressionElimination (297 bytes)
Event: 27770.665 Thread 0x0000000017b1e800 nmethod 39224 0x0000000009331210 code [0x00000000093316c0, 0x00000000093345e8]
Event: 27770.665 Thread 0x0000000017b1e800 39225       3       com.android.tools.r8.ir.optimize.CodeRewriter::simplifyKnownBooleanCondition (565 bytes)

GC Heap History (10 events):
Event: 27761.098 GC heap before
{Heap before GC invocations=120 (full 4):
 PSYoungGen      total 312320K, used 283602K [0x00000000e0000000, 0x00000000f6300000, 0x0000000100000000)
  eden space 273408K, 89% used [0x00000000e0000000,0x00000000eef2bfd0,0x00000000f0b00000)
  from space 38912K, 99% used [0x00000000f1400000,0x00000000f39c8ba8,0x00000000f3a00000)
  to   space 41984K, 0% used [0x00000000f3a00000,0x00000000f3a00000,0x00000000f6300000)
 ParOldGen       total 250368K, used 160914K [0x00000000a0000000, 0x00000000af480000, 0x00000000e0000000)
  object space 250368K, 64% used [0x00000000a0000000,0x00000000a9d24a30,0x00000000af480000)
 Metaspace       used 122025K, capacity 128850K, committed 129024K, reserved 1161216K
  class space    used 15011K, capacity 16312K, committed 16384K, reserved 1048576K
Event: 27761.128 GC heap after
Heap after GC invocations=120 (full 4):
 PSYoungGen      total 316416K, used 30908K [0x00000000e0000000, 0x00000000f7f00000, 0x0000000100000000)
  eden space 274432K, 0% used [0x00000000e0000000,0x00000000e0000000,0x00000000f0c00000)
  from space 41984K, 73% used [0x00000000f3a00000,0x00000000f582f3a8,0x00000000f6300000)
  to   space 47104K, 0% used [0x00000000f0c00000,0x00000000f0c00000,0x00000000f3a00000)
 ParOldGen       total 250368K, used 161154K [0x00000000a0000000, 0x00000000af480000, 0x00000000e0000000)
  object space 250368K, 64% used [0x00000000a0000000,0x00000000a9d60a50,0x00000000af480000)
 Metaspace       used 122025K, capacity 128850K, committed 129024K, reserved 1161216K
  class space    used 15011K, capacity 16312K, committed 16384K, reserved 1048576K
}
Event: 27761.424 GC heap before
{Heap before GC invocations=121 (full 4):
 PSYoungGen      total 316416K, used 302323K [0x00000000e0000000, 0x00000000f7f00000, 0x0000000100000000)
  eden space 274432K, 98% used [0x00000000e0000000,0x00000000f090daa0,0x00000000f0c00000)
  from space 41984K, 73% used [0x00000000f3a00000,0x00000000f582f3a8,0x00000000f6300000)
  to   space 47104K, 0% used [0x00000000f0c00000,0x00000000f0c00000,0x00000000f3a00000)
 ParOldGen       total 250368K, used 161154K [0x00000000a0000000, 0x00000000af480000, 0x00000000e0000000)
  object space 250368K, 64% used [0x00000000a0000000,0x00000000a9d60a50,0x00000000af480000)
 Metaspace       used 124182K, capacity 131060K, committed 131328K, reserved 1163264K
  class space    used 15319K, capacity 16631K, committed 16640K, reserved 1048576K
Event: 27761.473 GC heap after
Heap after GC invocations=121 (full 4):
 PSYoungGen      total 321536K, used 31238K [0x00000000e0000000, 0x00000000f9100000, 0x0000000100000000)
  eden space 274432K, 0% used [0x00000000e0000000,0x00000000e0000000,0x00000000f0c00000)
  from space 47104K, 66% used [0x00000000f0c00000,0x00000000f2a81b90,0x00000000f3a00000)
  to   space 48640K, 0% used [0x00000000f6180000,0x00000000f6180000,0x00000000f9100000)
 ParOldGen       total 250368K, used 202198K [0x00000000a0000000, 0x00000000af480000, 0x00000000e0000000)
  object space 250368K, 80% used [0x00000000a0000000,0x00000000ac5758b8,0x00000000af480000)
 Metaspace       used 124182K, capacity 131060K, committed 131328K, reserved 1163264K
  class space    used 15319K, capacity 16631K, committed 16640K, reserved 1048576K
}
Event: 27763.564 GC heap before
{Heap before GC invocations=122 (full 4):
 PSYoungGen      total 321536K, used 278176K [0x00000000e0000000, 0x00000000f9100000, 0x0000000100000000)
  eden space 274432K, 89% used [0x00000000e0000000,0x00000000ef126690,0x00000000f0c00000)
  from space 47104K, 66% used [0x00000000f0c00000,0x00000000f2a81b90,0x00000000f3a00000)
  to   space 48640K, 0% used [0x00000000f6180000,0x00000000f6180000,0x00000000f9100000)
 ParOldGen       total 250368K, used 202198K [0x00000000a0000000, 0x00000000af480000, 0x00000000e0000000)
  object space 250368K, 80% used [0x00000000a0000000,0x00000000ac5758b8,0x00000000af480000)
 Metaspace       used 127260K, capacity 134316K, committed 134400K, reserved 1167360K
  class space    used 15482K, capacity 16823K, committed 16896K, reserved 1048576K
Event: 27763.615 GC heap after
Heap after GC invocations=122 (full 4):
 PSYoungGen      total 355840K, used 44976K [0x00000000e0000000, 0x00000000f9b80000, 0x0000000100000000)
  eden space 307200K, 0% used [0x00000000e0000000,0x00000000e0000000,0x00000000f2c00000)
  from space 48640K, 92% used [0x00000000f6180000,0x00000000f8d6c318,0x00000000f9100000)
  to   space 54784K, 0% used [0x00000000f2c00000,0x00000000f2c00000,0x00000000f6180000)
 ParOldGen       total 250368K, used 202254K [0x00000000a0000000, 0x00000000af480000, 0x00000000e0000000)
  object space 250368K, 80% used [0x00000000a0000000,0x00000000ac5838b8,0x00000000af480000)
 Metaspace       used 127260K, capacity 134316K, committed 134400K, reserved 1167360K
  class space    used 15482K, capacity 16823K, committed 16896K, reserved 1048576K
}
Event: 27767.503 GC heap before
{Heap before GC invocations=123 (full 4):
 PSYoungGen      total 355840K, used 333098K [0x00000000e0000000, 0x00000000f9b80000, 0x0000000100000000)
  eden space 307200K, 93% used [0x00000000e0000000,0x00000000f195e8c8,0x00000000f2c00000)
  from space 48640K, 92% used [0x00000000f6180000,0x00000000f8d6c318,0x00000000f9100000)
  to   space 54784K, 0% used [0x00000000f2c00000,0x00000000f2c00000,0x00000000f6180000)
 ParOldGen       total 250368K, used 202254K [0x00000000a0000000, 0x00000000af480000, 0x00000000e0000000)
  object space 250368K, 80% used [0x00000000a0000000,0x00000000ac5838b8,0x00000000af480000)
 Metaspace       used 134471K, capacity 141546K, committed 141656K, reserved 1173504K
  class space    used 16120K, capacity 17436K, committed 17536K, reserved 1048576K
Event: 27767.562 GC heap after
Heap after GC invocations=123 (full 4):
 PSYoungGen      total 361984K, used 52717K [0x00000000e0000000, 0x00000000fcc00000, 0x0000000100000000)
  eden space 307200K, 0% used [0x00000000e0000000,0x00000000e0000000,0x00000000f2c00000)
  from space 54784K, 96% used [0x00000000f2c00000,0x00000000f5f7b7b8,0x00000000f6180000)
  to   space 62464K, 0% used [0x00000000f8f00000,0x00000000f8f00000,0x00000000fcc00000)
 ParOldGen       total 250368K, used 202694K [0x00000000a0000000, 0x00000000af480000, 0x00000000e0000000)
  object space 250368K, 80% used [0x00000000a0000000,0x00000000ac5f18e8,0x00000000af480000)
 Metaspace       used 134471K, capacity 141546K, committed 141656K, reserved 1173504K
  class space    used 16120K, capacity 17436K, committed 17536K, reserved 1048576K
}
Event: 27767.562 GC heap before
{Heap before GC invocations=124 (full 5):
 PSYoungGen      total 361984K, used 52717K [0x00000000e0000000, 0x00000000fcc00000, 0x0000000100000000)
  eden space 307200K, 0% used [0x00000000e0000000,0x00000000e0000000,0x00000000f2c00000)
  from space 54784K, 96% used [0x00000000f2c00000,0x00000000f5f7b7b8,0x00000000f6180000)
  to   space 62464K, 0% used [0x00000000f8f00000,0x00000000f8f00000,0x00000000fcc00000)
 ParOldGen       total 250368K, used 202694K [0x00000000a0000000, 0x00000000af480000, 0x00000000e0000000)
  object space 250368K, 80% used [0x00000000a0000000,0x00000000ac5f18e8,0x00000000af480000)
 Metaspace       used 134471K, capacity 141546K, committed 141656K, reserved 1173504K
  class space    used 16120K, capacity 17436K, committed 17536K, reserved 1048576K
Event: 27768.803 GC heap after
Heap after GC invocations=124 (full 5):
 PSYoungGen      total 361984K, used 0K [0x00000000e0000000, 0x00000000fcc00000, 0x0000000100000000)
  eden space 307200K, 0% used [0x00000000e0000000,0x00000000e0000000,0x00000000f2c00000)
  from space 54784K, 0% used [0x00000000f2c00000,0x00000000f2c00000,0x00000000f6180000)
  to   space 62464K, 0% used [0x00000000f8f00000,0x00000000f8f00000,0x00000000fcc00000)
 ParOldGen       total 280064K, used 105865K [0x00000000a0000000, 0x00000000b1180000, 0x00000000e0000000)
  object space 280064K, 37% used [0x00000000a0000000,0x00000000a6762730,0x00000000b1180000)
 Metaspace       used 132887K, capacity 139184K, committed 141656K, reserved 1173504K
  class space    used 15795K, capacity 16936K, committed 17536K, reserved 1048576K
}

Deoptimization events (10 events):
Event: 27769.647 Thread 0x0000000025831000 Uncommon trap: reason=unstable_if action=reinterpret pc=0x000000000895cae8 method=com.android.tools.r8.ir.conversion.IRBuilder.getCurrentLocal(I)Lcom/android/tools/r8/graph/DebugLocalInfo; @ 7
Event: 27769.689 Thread 0x0000000025831000 Uncommon trap: reason=class_check action=maybe_recompile pc=0x0000000004e5ff80 method=com.android.tools.r8.graph.DebugLocalInfo.localsInfoMapsEqual(Lcom/android/tools/r8/it/unimi/dsi/fastutil/ints/Int2ReferenceMap;Lcom/android/tools/r8/it/unimi/dsi/fastut
Event: 27769.692 Thread 0x0000000025831000 Uncommon trap: reason=class_check action=maybe_recompile pc=0x0000000004e5ff80 method=com.android.tools.r8.graph.DebugLocalInfo.localsInfoMapsEqual(Lcom/android/tools/r8/it/unimi/dsi/fastutil/ints/Int2ReferenceMap;Lcom/android/tools/r8/it/unimi/dsi/fastut
Event: 27769.866 Thread 0x0000000025838800 Uncommon trap: reason=unstable_if action=reinterpret pc=0x00000000083ea16c method=com.android.tools.r8.ir.optimize.CodeRewriter.commonSubexpressionElimination(Lcom/android/tools/r8/ir/code/IRCode;)V @ 151
Event: 27770.325 Thread 0x0000000025839800 Uncommon trap: reason=unstable_if action=reinterpret pc=0x0000000008c993f0 method=com.android.tools.r8.ir.conversion.IRBuilder.getCurrentLocal(I)Lcom/android/tools/r8/graph/DebugLocalInfo; @ 7
Event: 27770.587 Thread 0x000000002583d000 Uncommon trap: reason=unstable_if action=reinterpret pc=0x0000000005e8252c method=com.android.tools.r8.ir.code.Value.isDead(Lcom/android/tools/r8/utils/InternalOptions;Ljava/util/Set;)Z @ 159
Event: 27770.588 Thread 0x000000002583d000 Uncommon trap: reason=unstable_if action=reinterpret pc=0x0000000006db4a84 method=com.android.tools.r8.graph.DexCode.computeHashCode()I @ 35
Event: 27770.590 Thread 0x0000000025838000 Uncommon trap: reason=unstable_if action=reinterpret pc=0x00000000051e35a8 method=com.android.tools.r8.graph.DexCode.collectMixedSectionItems(Lcom/android/tools/r8/dex/MixedSectionCollection;)V @ 12
Event: 27770.591 Thread 0x0000000025838000 Uncommon trap: reason=unstable_if action=reinterpret pc=0x0000000005f07d04 method=com.android.tools.r8.graph.DexCode.collectIndexedItems(Lcom/android/tools/r8/dex/IndexedItemCollection;)V @ 39
Event: 27770.669 Thread 0x000000002583e800 Uncommon trap: reason=class_check action=maybe_recompile pc=0x0000000004e5ff80 method=com.android.tools.r8.graph.DebugLocalInfo.localsInfoMapsEqual(Lcom/android/tools/r8/it/unimi/dsi/fastutil/ints/Int2ReferenceMap;Lcom/android/tools/r8/it/unimi/dsi/fastut

Classes redefined (0 events):
No events

Internal exceptions (10 events):
Event: 27770.524 Thread 0x000000001b9c0800 Exception <a 'sun/nio/fs/WindowsException'> (0x00000000e27e8bd8) thrown at [D:\src\AOSP-openjdk-cygwin\jdk8u\hotspot\src\share\vm\prims\jni.cpp, line 709]
Event: 27770.535 Thread 0x000000001b9c0800 Exception <a 'sun/nio/fs/WindowsException'> (0x00000000e2816e58) thrown at [D:\src\AOSP-openjdk-cygwin\jdk8u\hotspot\src\share\vm\prims\jni.cpp, line 709]
Event: 27770.535 Thread 0x000000001b9c0800 Exception <a 'sun/nio/fs/WindowsException'> (0x00000000e28176a0) thrown at [D:\src\AOSP-openjdk-cygwin\jdk8u\hotspot\src\share\vm\prims\jni.cpp, line 709]
Event: 27770.535 Thread 0x000000001b9c0800 Exception <a 'sun/nio/fs/WindowsException'> (0x00000000e2818bd0) thrown at [D:\src\AOSP-openjdk-cygwin\jdk8u\hotspot\src\share\vm\prims\jni.cpp, line 709]
Event: 27770.553 Thread 0x000000001b9c0800 Exception <a 'sun/nio/fs/WindowsException'> (0x00000000e2844d48) thrown at [D:\src\AOSP-openjdk-cygwin\jdk8u\hotspot\src\share\vm\prims\jni.cpp, line 709]
Event: 27770.560 Thread 0x000000001b9c0800 Exception <a 'sun/nio/fs/WindowsException'> (0x00000000e2845590) thrown at [D:\src\AOSP-openjdk-cygwin\jdk8u\hotspot\src\share\vm\prims\jni.cpp, line 709]
Event: 27770.560 Thread 0x000000001b9c0800 Exception <a 'sun/nio/fs/WindowsException'> (0x00000000e2846ac0) thrown at [D:\src\AOSP-openjdk-cygwin\jdk8u\hotspot\src\share\vm\prims\jni.cpp, line 709]
Event: 27770.588 Thread 0x000000002583d000 Implicit null exception at 0x0000000006db4178 to 0x0000000006db4a6d
Event: 27770.590 Thread 0x0000000025838000 Implicit null exception at 0x00000000051dddbd to 0x00000000051e3585
Event: 27770.591 Thread 0x0000000025838000 Implicit null exception at 0x0000000005f072e5 to 0x0000000005f07ce9

Events (10 events):
Event: 27770.590 Thread 0x0000000025838000 Uncommon trap: trap_request=0xffffff65 fr.pc=0x00000000051e35a8
Event: 27770.590 Thread 0x0000000025838000 DEOPT PACKING pc=0x00000000051e35a8 sp=0x000000003ef9e870
Event: 27770.591 Thread 0x0000000025838000 DEOPT UNPACKING pc=0x0000000002e0557b sp=0x000000003ef9e858 mode 2
Event: 27770.591 Thread 0x0000000025838000 Uncommon trap: trap_request=0xffffff65 fr.pc=0x0000000005f07d04
Event: 27770.591 Thread 0x0000000025838000 DEOPT PACKING pc=0x0000000005f07d04 sp=0x000000003ef9e6b0
Event: 27770.591 Thread 0x0000000025838000 DEOPT UNPACKING pc=0x0000000002e0557b sp=0x000000003ef9e618 mode 2
Event: 27770.650 Thread 0x000000002583e800 Thread added: 0x000000002583e800
Event: 27770.669 Thread 0x000000002583e800 Uncommon trap: trap_request=0xffffffde fr.pc=0x0000000004e5ff80
Event: 27770.669 Thread 0x000000002583e800 DEOPT PACKING pc=0x0000000004e5ff80 sp=0x000000003fa9e910
Event: 27770.669 Thread 0x000000002583e800 DEOPT UNPACKING pc=0x0000000002e0557b sp=0x000000003fa9e888 mode 2


Dynamic libraries:
0x00007ff716930000 - 0x00007ff716961000 	D:\Android\Android Studio\jre\bin\java.exe
0x00007ff8f23c0000 - 0x00007ff8f25a1000 	C:\WINDOWS\SYSTEM32\ntdll.dll
0x00007ff8f1eb0000 - 0x00007ff8f1f62000 	C:\WINDOWS\System32\KERNEL32.DLL
0x00007ff8eeab0000 - 0x00007ff8eed23000 	C:\WINDOWS\System32\KERNELBASE.dll
0x00007ff8f1f80000 - 0x00007ff8f2021000 	C:\WINDOWS\System32\ADVAPI32.dll
0x00007ff8f1df0000 - 0x00007ff8f1e8e000 	C:\WINDOWS\System32\msvcrt.dll
0x00007ff8f1020000 - 0x00007ff8f107b000 	C:\WINDOWS\System32\sechost.dll
0x00007ff8f2190000 - 0x00007ff8f22b4000 	C:\WINDOWS\System32\RPCRT4.dll
0x00007ff8f1640000 - 0x00007ff8f17d0000 	C:\WINDOWS\System32\USER32.dll
0x00007ff8eea90000 - 0x00007ff8eeab0000 	C:\WINDOWS\System32\win32u.dll
0x00007ff8ef960000 - 0x00007ff8ef988000 	C:\WINDOWS\System32\GDI32.dll
0x00007ff8eedb0000 - 0x00007ff8eef42000 	C:\WINDOWS\System32\gdi32full.dll
0x00007ff8ee9f0000 - 0x00007ff8eea8f000 	C:\WINDOWS\System32\msvcp_win.dll
0x00007ff8ee890000 - 0x00007ff8ee98a000 	C:\WINDOWS\System32\ucrtbase.dll
0x00007ff8d7fa0000 - 0x00007ff8d8209000 	C:\WINDOWS\WinSxS\amd64_microsoft.windows.common-controls_6595b64144ccf1df_6.0.17134.191_none_fb3e94b130690543\COMCTL32.dll
0x00007ff8f1160000 - 0x00007ff8f1483000 	C:\WINDOWS\System32\combase.dll
0x00007ff8eed30000 - 0x00007ff8eedaa000 	C:\WINDOWS\System32\bcryptPrimitives.dll
0x00007ff8f1610000 - 0x00007ff8f163d000 	C:\WINDOWS\System32\IMM32.DLL
0x000000005b9b0000 - 0x000000005ba82000 	D:\Android\Android Studio\jre\jre\bin\msvcr100.dll
0x00000000595e0000 - 0x0000000059e1f000 	D:\Android\Android Studio\jre\jre\bin\server\jvm.dll
0x00007ff8efbd0000 - 0x00007ff8efbd8000 	C:\WINDOWS\System32\PSAPI.DLL
0x00007ff8d51b0000 - 0x00007ff8d51b9000 	C:\WINDOWS\SYSTEM32\WSOCK32.dll
0x00007ff8e8780000 - 0x00007ff8e87a3000 	C:\WINDOWS\SYSTEM32\WINMM.dll
0x00007ff8f1090000 - 0x00007ff8f10fc000 	C:\WINDOWS\System32\WS2_32.dll
0x00007ff8e23c0000 - 0x00007ff8e23ca000 	C:\WINDOWS\SYSTEM32\VERSION.dll
0x00007ff8e8750000 - 0x00007ff8e877a000 	C:\WINDOWS\SYSTEM32\winmmbase.dll
0x00007ff8ee840000 - 0x00007ff8ee889000 	C:\WINDOWS\System32\cfgmgr32.dll
0x00007ff8e9c50000 - 0x00007ff8e9c5f000 	D:\Android\Android Studio\jre\jre\bin\verify.dll
0x00007ff8e9c20000 - 0x00007ff8e9c49000 	D:\Android\Android Studio\jre\jre\bin\java.dll
0x00007ff8e87d0000 - 0x00007ff8e87e6000 	D:\Android\Android Studio\jre\jre\bin\zip.dll
0x00007ff8efbe0000 - 0x00007ff8f1020000 	C:\WINDOWS\System32\SHELL32.dll
0x00007ff8ef8b0000 - 0x00007ff8ef959000 	C:\WINDOWS\System32\shcore.dll
0x00007ff8ef140000 - 0x00007ff8ef84d000 	C:\WINDOWS\System32\windows.storage.dll
0x00007ff8f1d10000 - 0x00007ff8f1d61000 	C:\WINDOWS\System32\shlwapi.dll
0x00007ff8ee770000 - 0x00007ff8ee781000 	C:\WINDOWS\System32\kernel.appcore.dll
0x00007ff8ee700000 - 0x00007ff8ee71f000 	C:\WINDOWS\System32\profapi.dll
0x00007ff8ee720000 - 0x00007ff8ee76c000 	C:\WINDOWS\System32\powrprof.dll
0x00007ff8ee6d0000 - 0x00007ff8ee6da000 	C:\WINDOWS\System32\FLTLIB.DLL
0x00007ff8e87b0000 - 0x00007ff8e87ca000 	D:\Android\Android Studio\jre\jre\bin\net.dll
0x00007ff8edf50000 - 0x00007ff8edfb6000 	C:\WINDOWS\system32\mswsock.dll
0x00007ff8e8670000 - 0x00007ff8e8681000 	D:\Android\Android Studio\jre\jre\bin\nio.dll
0x00007ff8d5580000 - 0x00007ff8d559e000 	C:\Users\Mi HD\.gradle\native\25\windows-amd64\native-platform.dll
0x00007ff8e9c70000 - 0x00007ff8e9c7d000 	D:\Android\Android Studio\jre\jre\bin\management.dll
0x00007ff8ee100000 - 0x00007ff8ee117000 	C:\WINDOWS\SYSTEM32\CRYPTSP.dll
0x00007ff8edad0000 - 0x00007ff8edb03000 	C:\WINDOWS\system32\rsaenh.dll
0x00007ff8ee230000 - 0x00007ff8ee255000 	C:\WINDOWS\SYSTEM32\bcrypt.dll
0x00007ff8ee600000 - 0x00007ff8ee628000 	C:\WINDOWS\SYSTEM32\USERENV.dll
0x00007ff8ee120000 - 0x00007ff8ee12b000 	C:\WINDOWS\SYSTEM32\CRYPTBASE.dll
0x00007ff8edc70000 - 0x00007ff8edca8000 	C:\WINDOWS\SYSTEM32\IPHLPAPI.DLL
0x00007ff8f1080000 - 0x00007ff8f1088000 	C:\WINDOWS\System32\NSI.dll
0x00007ff8e76d0000 - 0x00007ff8e76e6000 	C:\WINDOWS\SYSTEM32\dhcpcsvc6.DLL
0x00007ff8e74a0000 - 0x00007ff8e74ba000 	C:\WINDOWS\SYSTEM32\dhcpcsvc.DLL
0x00007ff8dbd70000 - 0x00007ff8dbd94000 	D:\Android\Android Studio\jre\jre\bin\sunec.dll
0x00007ff8edcb0000 - 0x00007ff8edd6e000 	C:\WINDOWS\SYSTEM32\DNSAPI.dll
0x00007ff8e3580000 - 0x00007ff8e358a000 	C:\Windows\System32\rasadhlp.dll
0x00007ff8e4640000 - 0x00007ff8e46b2000 	C:\WINDOWS\System32\fwpuclnt.dll
0x00007ff8d9110000 - 0x00007ff8d911b000 	D:\Android\Android Studio\jre\jre\bin\sunmscapi.dll
0x00007ff8eef50000 - 0x00007ff8ef132000 	C:\WINDOWS\System32\CRYPT32.dll
0x00007ff8ee6e0000 - 0x00007ff8ee6f2000 	C:\WINDOWS\System32\MSASN1.dll
0x00007ff8d04e0000 - 0x00007ff8d0676000 	D:\Android\Android Studio\jre\jre\bin\awt.dll
0x00007ff8f22c0000 - 0x00007ff8f2382000 	C:\WINDOWS\System32\OLEAUT32.dll
0x00007ff8eb970000 - 0x00007ff8ebf37000 	C:\WINDOWS\SYSTEM32\d2d1.dll
0x00007ff8eca60000 - 0x00007ff8ecaeb000 	C:\WINDOWS\SYSTEM32\apphelp.dll
0x00007ff8ece60000 - 0x00007ff8ece89000 	C:\WINDOWS\system32\DWMAPI.DLL
0x00007ff8ecd80000 - 0x00007ff8ece18000 	C:\WINDOWS\system32\uxtheme.dll
0x00007ff8ed7c0000 - 0x00007ff8ed7f1000 	C:\WINDOWS\SYSTEM32\ntmarta.dll
0x00007ff8d7780000 - 0x00007ff8d7796000 	C:\WINDOWS\system32\napinsp.dll
0x00007ff8d7760000 - 0x00007ff8d777a000 	C:\WINDOWS\system32\pnrpnsp.dll
0x00007ff8eb3f0000 - 0x00007ff8eb409000 	C:\WINDOWS\system32\NLAapi.dll
0x00007ff8d76d0000 - 0x00007ff8d76de000 	C:\WINDOWS\System32\winrnr.dll
0x00007ff8e8960000 - 0x00007ff8e8975000 	C:\WINDOWS\System32\wshbth.dll

VM Arguments:
jvm_args: -Xmx1536m -Dfile.encoding=GBK -Duser.country=CN -Duser.language=zh -Duser.variant 
java_command: org.gradle.launcher.daemon.bootstrap.GradleDaemon 4.4
java_class_path (initial): C:\Users\Mi HD\.gradle\wrapper\dists\gradle-4.4-all\9br9xq1tocpiv8o6njlyu5op1\gradle-4.4\lib\gradle-launcher-4.4.jar
Launcher Type: SUN_STANDARD

Environment Variables:
JAVA_HOME=C:\Program Files\Java\jdk1.8.0_144
CLASSPATH=.;C:\Program Files\Java\jdk1.8.0_144/lib/dt.jar;C:\Program Files\Java\jdk1.8.0_144/lib/tools.jar;D:\apache-tomcat-7.0.85\\BIN
PATH=C:\Python36\Scripts\;C:\Python36\;C:\ProgramData\Oracle\Java\javapath;C:\Windows\system32;C:\Windows;C:\Windows\System32\Wbem;C:\Windows\System32\WindowsPowerShell\v1.0\;C:\Users\Mi HD\.dnx\bin;C:\Program Files\Microsoft DNX\Dnvm\;C:\Program Files (x86)\Windows Kits\8.1\Windows Performance Toolkit\;C:\Program Files\Microsoft SQL Server\130\Tools\Binn\;C:\Users\Mi HD\AppData\Local\Microsoft\WindowsApps;C:\adb;D:\UltraEdit;C:\Program Files\IDM Computer Solutions\UltraCompare;C:\WINDOWS\system32;C:\WINDOWS;C:\WINDOWS\System32\Wbem;C:\WINDOWS\System32\WindowsPowerShell\v1.0\;D:\Android\sdk\platform-tools;C:\Program Files\Git\cmd;C:\Program Files\Java\jdk1.8.0_144\bin;C:\Program Files\Java\jdk1.8.0_144\jre;C:\Program Files\MySQL\MySQL Utilities 1.6\;C:\Program Files\MySQL\MySQL Server 5.7\bin;C:\WINDOWS\System32\OpenSSH\;C:\Program Files (x86)\MacType;D:\MASM;D:\ModelSim\win32pe;d:\modeltech_pe_10.4c\win32pe;C:\modeltech_pe_10.4c\win32pe;C:\Program Files\Java\jdk1.8.0_144\bin;C:\Users\Mi HD\AppData\Local\Microsoft\WindowsApps;D:\Android\sdk\platform-tools;
USERNAME=Mi HD
OS=Windows_NT
PROCESSOR_IDENTIFIER=Intel64 Family 6 Model 61 Stepping 4, GenuineIntel



---------------  S Y S T E M  ---------------

OS: Windows 10.0 , 64 bit Build 17134 (10.0.17134.1)

CPU:total 4 (initial active 4) (2 cores per cpu, 2 threads per core) family 6 model 61 stepping 4, cmov, cx8, fxsr, mmx, sse, sse2, sse3, ssse3, sse4.1, sse4.2, popcnt, avx, avx2, aes, clmul, erms, 3dnowpref, lzcnt, ht, tsc, tscinvbit, bmi1, bmi2, adx

Memory: 4k page, physical 8303840k(462468k free), swap 12600544k(348k free)

vm_info: OpenJDK 64-Bit Server VM (25.152-b02) for windows-amd64 JRE (1.8.0_152-release-1024-b02), built by "builder" with MS VC++ 10.0 (VS2010)

time: Sat Sep 08 22:02:08 2018
elapsed time: 27770 seconds (0d 7h 42m 50s)

